Start testing: May 02 15:37 +07
----------------------------------------------------------
1/4 Testing: zero
1/4 Test: zero
Command: "/home/pdzisyuk/programming/Programming/lab_17/build/strong_number_tests" "test_num_is_zero"
Directory: /home/pdzisyuk/programming/Programming/lab_17/build
"zero" start time: May 02 15:37 +07
Output:
----------------------------------------------------------
[==========] tests: Running 4 test(s).
[ RUN      ] test_num_is_zero
[       OK ] test_num_is_zero
[ RUN      ] test_num_is_negative
[       OK ] test_num_is_negative
[ RUN      ] test_num_is_strong
[       OK ] test_num_is_strong
[ RUN      ] test_num_is_not_strong
[       OK ] test_num_is_not_strong
[==========] tests: 4 test(s) run.
[  PASSED  ] 4 test(s).
<end of output>
Test time =   0.00 sec
----------------------------------------------------------
Test Passed.
"zero" end time: May 02 15:37 +07
"zero" time elapsed: 00:00:00
----------------------------------------------------------

2/4 Testing: negative
2/4 Test: negative
Command: "/home/pdzisyuk/programming/Programming/lab_17/build/strong_number_tests" "test_num_is_negative"
Directory: /home/pdzisyuk/programming/Programming/lab_17/build
"negative" start time: May 02 15:37 +07
Output:
----------------------------------------------------------
[==========] tests: Running 4 test(s).
[ RUN      ] test_num_is_zero
[       OK ] test_num_is_zero
[ RUN      ] test_num_is_negative
[       OK ] test_num_is_negative
[ RUN      ] test_num_is_strong
[       OK ] test_num_is_strong
[ RUN      ] test_num_is_not_strong
[       OK ] test_num_is_not_strong
[==========] tests: 4 test(s) run.
[  PASSED  ] 4 test(s).
<end of output>
Test time =   0.00 sec
----------------------------------------------------------
Test Passed.
"negative" end time: May 02 15:37 +07
"negative" time elapsed: 00:00:00
----------------------------------------------------------

3/4 Testing: strong
3/4 Test: strong
Command: "/home/pdzisyuk/programming/Programming/lab_17/build/strong_number_tests" "test_num_is_strong"
Directory: /home/pdzisyuk/programming/Programming/lab_17/build
"strong" start time: May 02 15:37 +07
Output:
----------------------------------------------------------
[==========] tests: Running 4 test(s).
[ RUN      ] test_num_is_zero
[       OK ] test_num_is_zero
[ RUN      ] test_num_is_negative
[       OK ] test_num_is_negative
[ RUN      ] test_num_is_strong
[       OK ] test_num_is_strong
[ RUN      ] test_num_is_not_strong
[       OK ] test_num_is_not_strong
[==========] tests: 4 test(s) run.
[  PASSED  ] 4 test(s).
<end of output>
Test time =   0.00 sec
----------------------------------------------------------
Test Passed.
"strong" end time: May 02 15:37 +07
"strong" time elapsed: 00:00:00
----------------------------------------------------------

4/4 Testing: not_strong
4/4 Test: not_strong
Command: "/home/pdzisyuk/programming/Programming/lab_17/build/strong_number_tests" "test_num_is_not_strong"
Directory: /home/pdzisyuk/programming/Programming/lab_17/build
"not_strong" start time: May 02 15:37 +07
Output:
----------------------------------------------------------
[==========] tests: Running 4 test(s).
[ RUN      ] test_num_is_zero
[       OK ] test_num_is_zero
[ RUN      ] test_num_is_negative
[       OK ] test_num_is_negative
[ RUN      ] test_num_is_strong
[       OK ] test_num_is_strong
[ RUN      ] test_num_is_not_strong
[       OK ] test_num_is_not_strong
[==========] tests: 4 test(s) run.
[  PASSED  ] 4 test(s).
<end of output>
Test time =   0.00 sec
----------------------------------------------------------
Test Passed.
"not_strong" end time: May 02 15:37 +07
"not_strong" time elapsed: 00:00:00
----------------------------------------------------------

End testing: May 02 15:37 +07
